<?xml version="1.0" encoding="UTF-8"?>
<!-- Generated by org.testng.reporters.JUnitReportReporter -->
<testsuite hostname="192.168.1.3" failures="0" tests="1" name="TestLayer.Bookmyshowtest" time="15.800" errors="0" timestamp="2024-06-09T22:48:18 IST" skipped="0">
  <testcase classname="TestLayer.Bookmyshowtest" name="getstarted" time="15.800"/>
  <system-out/>
</testsuite> <!-- TestLayer.Bookmyshowtest -->
